<?xml version="1.0" encoding="UTF-8"?>
<testng-results ignored="0" total="1" passed="1" failed="0" skipped="0">
  <reporter-output>
  </reporter-output>
  <suite started-at="2023-08-11T16:54:22 IST" name="ExceptionsTests" finished-at="2023-08-11T16:54:37 IST" duration-ms="14416">
    <groups>
    </groups>
    <test started-at="2023-08-11T16:54:22 IST" name="ExceptionsTests" finished-at="2023-08-11T16:54:37 IST" duration-ms="14416">
      <class name="com.herokuapp.theinternet.ExceptionsTests">
        <test-method is-config="true" signature="setUp(java.lang.String)[pri:0, instance:com.herokuapp.theinternet.ExceptionsTests@2a3b5b47]" started-at="2023-08-11T16:54:22 IST" name="setUp" finished-at="2023-08-11T16:54:27 IST" duration-ms="4480" status="PASS">
          <params>
            <param index="0">
              <value>
                <![CDATA[chrome]]>
              </value>
            </param>
          </params>
          <reporter-output>
          </reporter-output>
        </test-method> <!-- setUp -->
        <test-method signature="noSuchElementExceptionTest()[pri:0, instance:com.herokuapp.theinternet.ExceptionsTests@2a3b5b47]" started-at="2023-08-11T16:54:27 IST" name="noSuchElementExceptionTest" finished-at="2023-08-11T16:54:36 IST" duration-ms="9459" status="PASS">
          <reporter-output>
          </reporter-output>
        </test-method> <!-- noSuchElementExceptionTest -->
        <test-method is-config="true" signature="tearDown()[pri:0, instance:com.herokuapp.theinternet.ExceptionsTests@2a3b5b47]" started-at="2023-08-11T16:54:36 IST" name="tearDown" finished-at="2023-08-11T16:54:37 IST" duration-ms="399" status="PASS">
          <reporter-output>
          </reporter-output>
        </test-method> <!-- tearDown -->
      </class> <!-- com.herokuapp.theinternet.ExceptionsTests -->
    </test> <!-- ExceptionsTests -->
  </suite> <!-- ExceptionsTests -->
</testng-results>
